<?xml version="1.0" encoding="UTF-8" ?>
<testsuite tests="7" failures="0" name="com.integration.model.UsuarioTest" time="0.338" errors="0" skipped="0">
  <properties>
[...]
</properties>
  <testcase classname="com.integration.model.UsuarioTest" name="nomeUsuarioSize" time="0.223"/>
  <testcase classname="com.integration.model.UsuarioTest" name="senhaIsEmpy" time="0.072"/>
  <testcase classname="com.integration.model.UsuarioTest" name="senhaIsNull" time="0.012"/>
  <testcase classname="com.integration.model.UsuarioTest" name="usuarioIsValid" time="0.007"/>
  <testcase classname="com.integration.model.UsuarioTest" name="senhaSize" time="0.016"/>
  <testcase classname="com.integration.model.UsuarioTest" name="nomeUsuarioIsEmpy" time="0.002"/>
  <testcase classname="com.integration.model.UsuarioTest" name="nomeUsuarioIsNull" time="0.006"/>
</testsuite>